{"/Users/tpereisi/Desktop/boilerplate-apps-router/src/components/Main/index.tsx": {"path":"/Users/tpereisi/Desktop/boilerplate-apps-router/src/components/Main/index.tsx","statementMap":{"0":{"start":{"line":3,"column":13},"end":{"line":7,"column":1}},"1":{"start":{"line":4,"column":2},"end":{"line":6,"column":14}}},"fnMap":{"0":{"name":"(anonymous_0)","decl":{"start":{"line":3,"column":13},"end":{"line":3,"column":14}},"loc":{"start":{"line":4,"column":2},"end":{"line":6,"column":14}},"line":4}},"branchMap":{},"s":{"0":1,"1":2},"f":{"0":2},"b":{},"_coverageSchema":"1a1c01bbd47fc00a2c39e90264f33305004495a9","hash":"13086382a475c0f382655b92ff1e99e9b2ec32f7"}
,"/Users/tpereisi/Desktop/boilerplate-apps-router/src/components/Main/styles.ts": {"path":"/Users/tpereisi/Desktop/boilerplate-apps-router/src/components/Main/styles.ts","statementMap":{"0":{"start":{"line":5,"column":23},"end":{"line":16,"column":1}}},"fnMap":{},"branchMap":{},"s":{"0":1},"f":{},"b":{},"_coverageSchema":"1a1c01bbd47fc00a2c39e90264f33305004495a9","hash":"87547f95a27939af592781d4202fa166779f1fc9"}
}
